INFO:root:Vanila_GAN_on_MNIST:
    - model name: Vanila_GAN
    - optimizer: Adam
    - learning rate: 0.0002
    - weight_decay: 0.0001
    - step_size: 200
    - gamma: 0.5
    - batch size: 512
    - device : cuda:0
    - epochs: 1000
    - load_checkpoint: False
    - mutil_gpu: True
    - gpus: ['cuda:0', 'cuda:1']
 
INFO:root:epoche 0, gen loss = 0.707165, dis loss = 0.621650
INFO:root:epoche 1, gen loss = 0.724049, dis loss = 0.579662
INFO:root:epoche 2, gen loss = 0.282286, dis loss = 0.816999
INFO:root:epoche 3, gen loss = 0.831285, dis loss = 0.430030
INFO:root:epoche 4, gen loss = 1.197107, dis loss = 0.576546
INFO:root:epoche 5, gen loss = 1.195033, dis loss = 0.544519
INFO:root:epoche 6, gen loss = 1.069575, dis loss = 0.535983
INFO:root:epoche 7, gen loss = 0.313741, dis loss = 0.749582
INFO:root:epoche 8, gen loss = 1.379626, dis loss = 0.572794
INFO:root:epoche 9, gen loss = 0.931281, dis loss = 0.496619
INFO:root:epoche 10, gen loss = 1.088107, dis loss = 0.553877
INFO:root:epoche 11, gen loss = 1.087540, dis loss = 0.411563
INFO:root:epoche 12, gen loss = 1.441960, dis loss = 0.410565
INFO:root:epoche 13, gen loss = 0.707602, dis loss = 0.538953
INFO:root:epoche 14, gen loss = 0.542930, dis loss = 0.504055
INFO:root:epoche 15, gen loss = 0.526332, dis loss = 0.618629
INFO:root:epoche 16, gen loss = 1.231902, dis loss = 0.436206
INFO:root:epoche 17, gen loss = 0.869110, dis loss = 0.498661
INFO:root:epoche 18, gen loss = 1.786617, dis loss = 0.627067
INFO:root:epoche 19, gen loss = 1.042308, dis loss = 0.543812
INFO:root:epoche 20, gen loss = 1.101131, dis loss = 0.477908
INFO:root:epoche 21, gen loss = 1.579576, dis loss = 0.438469
INFO:root:epoche 22, gen loss = 1.593857, dis loss = 0.362686
INFO:root:epoche 23, gen loss = 2.091427, dis loss = 0.620670
INFO:root:epoche 24, gen loss = 1.249876, dis loss = 0.418723
INFO:root:epoche 25, gen loss = 1.181327, dis loss = 0.419212
INFO:root:epoche 26, gen loss = 0.867974, dis loss = 0.431184
INFO:root:epoche 27, gen loss = 1.035747, dis loss = 0.404811
INFO:root:epoche 28, gen loss = 1.077454, dis loss = 0.421505
INFO:root:epoche 29, gen loss = 2.284056, dis loss = 0.601445
INFO:root:epoche 30, gen loss = 0.763861, dis loss = 0.493186
INFO:root:epoche 31, gen loss = 0.850787, dis loss = 0.510922
INFO:root:epoche 32, gen loss = 2.189985, dis loss = 0.581610
INFO:root:epoche 33, gen loss = 1.624805, dis loss = 0.493850
INFO:root:epoche 34, gen loss = 2.007140, dis loss = 0.404421
INFO:root:epoche 35, gen loss = 1.062897, dis loss = 0.459945
INFO:root:epoche 36, gen loss = 0.897366, dis loss = 0.544364
INFO:root:epoche 37, gen loss = 1.562548, dis loss = 0.557778
INFO:root:epoche 38, gen loss = 0.977353, dis loss = 0.421812
INFO:root:epoche 39, gen loss = 1.329197, dis loss = 0.474315
INFO:root:epoche 40, gen loss = 1.245193, dis loss = 0.419903
INFO:root:epoche 41, gen loss = 1.871131, dis loss = 0.472444
INFO:root:epoche 42, gen loss = 1.475767, dis loss = 0.549995
INFO:root:epoche 43, gen loss = 1.729967, dis loss = 0.466770
INFO:root:epoche 44, gen loss = 1.149771, dis loss = 0.408464
INFO:root:epoche 45, gen loss = 1.522966, dis loss = 0.428725
INFO:root:epoche 46, gen loss = 1.274809, dis loss = 0.473311
INFO:root:epoche 47, gen loss = 1.167888, dis loss = 0.416468
INFO:root:epoche 48, gen loss = 2.046175, dis loss = 0.671605
INFO:root:epoche 49, gen loss = 0.514720, dis loss = 0.687079
INFO:root:epoche 50, gen loss = 1.749223, dis loss = 0.456128
INFO:root:epoche 51, gen loss = 0.996049, dis loss = 0.469572
INFO:root:epoche 52, gen loss = 1.008420, dis loss = 0.460596
INFO:root:epoche 53, gen loss = 2.659977, dis loss = 0.674464
INFO:root:epoche 54, gen loss = 2.886430, dis loss = 0.904751
INFO:root:epoche 55, gen loss = 0.662841, dis loss = 0.634777
INFO:root:epoche 56, gen loss = 1.118607, dis loss = 0.460700
INFO:root:epoche 57, gen loss = 1.754082, dis loss = 0.358567
INFO:root:epoche 58, gen loss = 1.308144, dis loss = 0.458633
INFO:root:epoche 59, gen loss = 1.623575, dis loss = 0.527379
INFO:root:epoche 60, gen loss = 1.052634, dis loss = 0.421082
INFO:root:epoche 61, gen loss = 3.191728, dis loss = 1.014440
INFO:root:epoche 62, gen loss = 1.301292, dis loss = 0.377621
INFO:root:epoche 63, gen loss = 1.171809, dis loss = 0.343180
INFO:root:epoche 64, gen loss = 1.096845, dis loss = 0.401431
INFO:root:epoche 65, gen loss = 1.812779, dis loss = 0.360612
INFO:root:epoche 66, gen loss = 1.447929, dis loss = 0.385239
INFO:root:epoche 67, gen loss = 1.225926, dis loss = 0.429396
INFO:root:epoche 68, gen loss = 2.946174, dis loss = 0.817706
INFO:root:epoche 69, gen loss = 1.077866, dis loss = 0.423112
INFO:root:epoche 70, gen loss = 1.683108, dis loss = 0.551843
INFO:root:epoche 71, gen loss = 0.857799, dis loss = 0.530584
INFO:root:epoche 72, gen loss = 1.415405, dis loss = 0.509733
INFO:root:epoche 73, gen loss = 1.527597, dis loss = 0.381691
INFO:root:epoche 74, gen loss = 1.161419, dis loss = 0.515130
INFO:root:epoche 75, gen loss = 1.119238, dis loss = 0.386704
INFO:root:epoche 76, gen loss = 1.260774, dis loss = 0.399676
INFO:root:epoche 77, gen loss = 1.720505, dis loss = 0.336359
INFO:root:epoche 78, gen loss = 0.493270, dis loss = 0.736656
INFO:root:epoche 79, gen loss = 1.126584, dis loss = 0.432171
INFO:root:epoche 80, gen loss = 1.336628, dis loss = 0.381922
INFO:root:epoche 81, gen loss = 1.253974, dis loss = 0.525603
INFO:root:epoche 82, gen loss = 1.104496, dis loss = 0.461965
INFO:root:epoche 83, gen loss = 1.756820, dis loss = 0.615561
INFO:root:epoche 84, gen loss = 1.054209, dis loss = 0.428431
INFO:root:epoche 85, gen loss = 2.460859, dis loss = 0.501531
INFO:root:epoche 86, gen loss = 1.036164, dis loss = 0.445246
INFO:root:epoche 87, gen loss = 1.077199, dis loss = 0.410710
INFO:root:epoche 88, gen loss = 2.200123, dis loss = 0.524266
INFO:root:epoche 89, gen loss = 1.167677, dis loss = 0.406868
INFO:root:epoche 90, gen loss = 1.642290, dis loss = 0.453048
INFO:root:epoche 91, gen loss = 1.122316, dis loss = 0.368591
INFO:root:epoche 92, gen loss = 2.767670, dis loss = 1.016054
INFO:root:epoche 93, gen loss = 1.389450, dis loss = 0.417153
INFO:root:epoche 94, gen loss = 2.044110, dis loss = 0.559185
INFO:root:epoche 95, gen loss = 1.317742, dis loss = 0.336667
INFO:root:epoche 96, gen loss = 1.083051, dis loss = 0.451254
INFO:root:epoche 97, gen loss = 1.074002, dis loss = 0.420345
INFO:root:epoche 98, gen loss = 1.755790, dis loss = 0.333944
INFO:root:epoche 99, gen loss = 1.446981, dis loss = 0.359169
INFO:root:epoche 100, gen loss = 1.350763, dis loss = 0.334991
INFO:root:epoche 101, gen loss = 1.218167, dis loss = 0.495788
INFO:root:epoche 102, gen loss = 1.176371, dis loss = 0.403394
INFO:root:epoche 103, gen loss = 1.372856, dis loss = 0.314087
INFO:root:epoche 104, gen loss = 1.284762, dis loss = 0.407855
INFO:root:epoche 105, gen loss = 2.062431, dis loss = 0.497850
INFO:root:epoche 106, gen loss = 1.040475, dis loss = 0.527631
INFO:root:epoche 107, gen loss = 1.526710, dis loss = 0.505098
INFO:root:epoche 108, gen loss = 0.864372, dis loss = 0.640070
INFO:root:epoche 109, gen loss = 1.353871, dis loss = 0.334916
INFO:root:epoche 110, gen loss = 1.321712, dis loss = 0.373683
INFO:root:epoche 111, gen loss = 1.297391, dis loss = 0.393579
INFO:root:epoche 112, gen loss = 1.310193, dis loss = 0.402242
INFO:root:epoche 113, gen loss = 1.795279, dis loss = 0.448935
INFO:root:epoche 114, gen loss = 1.338846, dis loss = 0.452483
INFO:root:epoche 115, gen loss = 1.171906, dis loss = 0.446960
INFO:root:epoche 116, gen loss = 1.072230, dis loss = 0.463085
INFO:root:epoche 117, gen loss = 1.522231, dis loss = 0.351722
INFO:root:epoche 118, gen loss = 1.599275, dis loss = 0.391511
INFO:root:epoche 119, gen loss = 1.167335, dis loss = 0.372779
INFO:root:epoche 120, gen loss = 1.576325, dis loss = 0.344917
INFO:root:epoche 121, gen loss = 1.443168, dis loss = 0.377102
INFO:root:epoche 122, gen loss = 1.186359, dis loss = 0.388605
INFO:root:epoche 123, gen loss = 1.261546, dis loss = 0.544234
INFO:root:epoche 124, gen loss = 1.416949, dis loss = 0.385077
INFO:root:epoche 125, gen loss = 1.049753, dis loss = 0.421993
INFO:root:epoche 126, gen loss = 1.428975, dis loss = 0.365150
INFO:root:epoche 127, gen loss = 1.486785, dis loss = 0.319121
INFO:root:epoche 128, gen loss = 1.256735, dis loss = 0.442755
INFO:root:epoche 129, gen loss = 1.945299, dis loss = 0.535745
INFO:root:epoche 130, gen loss = 0.978081, dis loss = 0.406255
INFO:root:epoche 131, gen loss = 1.319650, dis loss = 0.398449
INFO:root:epoche 132, gen loss = 1.306530, dis loss = 0.387259
INFO:root:epoche 133, gen loss = 1.341376, dis loss = 0.449656
INFO:root:epoche 134, gen loss = 1.368401, dis loss = 0.413892
INFO:root:epoche 135, gen loss = 1.251090, dis loss = 0.390312
INFO:root:epoche 136, gen loss = 1.521805, dis loss = 0.389331
INFO:root:epoche 137, gen loss = 1.160573, dis loss = 0.428536
INFO:root:epoche 138, gen loss = 2.163927, dis loss = 0.587777
INFO:root:epoche 139, gen loss = 1.671778, dis loss = 0.332039
INFO:root:epoche 140, gen loss = 1.142245, dis loss = 0.417707
INFO:root:epoche 141, gen loss = 1.500943, dis loss = 0.381530
INFO:root:epoche 142, gen loss = 1.249585, dis loss = 0.450092
INFO:root:epoche 143, gen loss = 1.044592, dis loss = 0.438110
INFO:root:epoche 144, gen loss = 1.378335, dis loss = 0.431915
INFO:root:epoche 145, gen loss = 1.743853, dis loss = 0.466685
INFO:root:epoche 146, gen loss = 0.982443, dis loss = 0.536131
INFO:root:epoche 147, gen loss = 1.000455, dis loss = 0.493698
INFO:root:epoche 148, gen loss = 1.200277, dis loss = 0.395971
INFO:root:epoche 149, gen loss = 1.864771, dis loss = 0.282278
INFO:root:epoche 150, gen loss = 1.260980, dis loss = 0.445697
INFO:root:epoche 151, gen loss = 1.534584, dis loss = 0.404979
INFO:root:epoche 152, gen loss = 1.164092, dis loss = 0.412450
INFO:root:epoche 153, gen loss = 1.252767, dis loss = 0.287820
INFO:root:epoche 154, gen loss = 1.268472, dis loss = 0.459669
INFO:root:epoche 155, gen loss = 2.164681, dis loss = 0.357137
INFO:root:epoche 156, gen loss = 1.375909, dis loss = 0.347241
INFO:root:epoche 157, gen loss = 1.348387, dis loss = 0.457479
INFO:root:epoche 158, gen loss = 1.473257, dis loss = 0.415525
INFO:root:epoche 159, gen loss = 1.580497, dis loss = 0.321128
INFO:root:epoche 160, gen loss = 1.475053, dis loss = 0.466175
INFO:root:epoche 161, gen loss = 1.188722, dis loss = 0.338713
INFO:root:epoche 162, gen loss = 1.473737, dis loss = 0.401961
INFO:root:epoche 163, gen loss = 1.238106, dis loss = 0.402797
INFO:root:epoche 164, gen loss = 1.477113, dis loss = 0.414699
INFO:root:epoche 165, gen loss = 1.474519, dis loss = 0.459361
INFO:root:epoche 166, gen loss = 1.301598, dis loss = 0.327813
INFO:root:epoche 167, gen loss = 1.338792, dis loss = 0.474945
INFO:root:epoche 168, gen loss = 1.300519, dis loss = 0.331465
INFO:root:epoche 169, gen loss = 1.011183, dis loss = 0.463770
INFO:root:epoche 170, gen loss = 1.681950, dis loss = 0.298802
INFO:root:epoche 171, gen loss = 2.156640, dis loss = 0.466316
INFO:root:epoche 172, gen loss = 1.394925, dis loss = 0.445664
INFO:root:epoche 173, gen loss = 1.303380, dis loss = 0.352422
INFO:root:epoche 174, gen loss = 0.878081, dis loss = 0.696841
INFO:root:epoche 175, gen loss = 0.923653, dis loss = 0.433765
INFO:root:epoche 176, gen loss = 1.631906, dis loss = 0.256744
INFO:root:epoche 177, gen loss = 1.463906, dis loss = 0.378665
INFO:root:epoche 178, gen loss = 2.051048, dis loss = 0.393308
INFO:root:epoche 179, gen loss = 1.769675, dis loss = 0.497365
INFO:root:epoche 180, gen loss = 1.609876, dis loss = 0.467032
INFO:root:epoche 181, gen loss = 1.533004, dis loss = 0.303360
INFO:root:epoche 182, gen loss = 1.282935, dis loss = 0.418411
INFO:root:epoche 183, gen loss = 1.509851, dis loss = 0.378517
INFO:root:epoche 184, gen loss = 1.901714, dis loss = 0.391436
INFO:root:epoche 185, gen loss = 0.966502, dis loss = 0.456869
INFO:root:epoche 186, gen loss = 1.209070, dis loss = 0.381888
INFO:root:epoche 187, gen loss = 1.729216, dis loss = 0.329794
INFO:root:epoche 188, gen loss = 2.304407, dis loss = 0.626748
INFO:root:epoche 189, gen loss = 1.380503, dis loss = 0.352597
INFO:root:epoche 190, gen loss = 1.961337, dis loss = 0.350234
INFO:root:epoche 191, gen loss = 2.084425, dis loss = 0.429781
INFO:root:epoche 192, gen loss = 1.991602, dis loss = 0.338539
INFO:root:epoche 193, gen loss = 1.265824, dis loss = 0.424010
INFO:root:epoche 194, gen loss = 1.444751, dis loss = 0.376953
INFO:root:epoche 195, gen loss = 1.456484, dis loss = 0.392389
INFO:root:epoche 196, gen loss = 1.600320, dis loss = 0.443821
INFO:root:epoche 197, gen loss = 1.483332, dis loss = 0.323122
INFO:root:epoche 198, gen loss = 1.407899, dis loss = 0.326926
INFO:root:epoche 199, gen loss = 1.234310, dis loss = 0.392707
INFO:root:epoche 200, gen loss = 1.479515, dis loss = 0.312431
INFO:root:epoche 201, gen loss = 2.038943, dis loss = 0.284872
INFO:root:epoche 202, gen loss = 1.565482, dis loss = 0.335437
INFO:root:epoche 203, gen loss = 1.473845, dis loss = 0.301345
INFO:root:epoche 204, gen loss = 2.597510, dis loss = 0.661072
INFO:root:epoche 205, gen loss = 1.571698, dis loss = 0.385342
INFO:root:epoche 206, gen loss = 1.677961, dis loss = 0.309194
INFO:root:epoche 207, gen loss = 2.129933, dis loss = 0.372438
INFO:root:epoche 208, gen loss = 1.640226, dis loss = 0.287937
INFO:root:epoche 209, gen loss = 1.246207, dis loss = 0.413459
INFO:root:epoche 210, gen loss = 1.507711, dis loss = 0.413735
INFO:root:epoche 211, gen loss = 1.421178, dis loss = 0.300881
INFO:root:epoche 212, gen loss = 1.490064, dis loss = 0.400188
INFO:root:epoche 213, gen loss = 1.585645, dis loss = 0.349664
INFO:root:epoche 214, gen loss = 1.587435, dis loss = 0.272633
INFO:root:epoche 215, gen loss = 1.500152, dis loss = 0.262740
INFO:root:epoche 216, gen loss = 1.678042, dis loss = 0.269045
INFO:root:epoche 217, gen loss = 1.649230, dis loss = 0.276019
INFO:root:epoche 218, gen loss = 2.185026, dis loss = 0.381182
INFO:root:epoche 219, gen loss = 1.392441, dis loss = 0.409436
INFO:root:epoche 220, gen loss = 1.297244, dis loss = 0.457395
INFO:root:epoche 221, gen loss = 1.456648, dis loss = 0.338393
INFO:root:epoche 222, gen loss = 1.269119, dis loss = 0.397117
INFO:root:epoche 223, gen loss = 1.869265, dis loss = 0.346412
INFO:root:epoche 224, gen loss = 1.924358, dis loss = 0.418070
INFO:root:epoche 225, gen loss = 1.816807, dis loss = 0.358713
INFO:root:epoche 226, gen loss = 1.697017, dis loss = 0.370730
INFO:root:epoche 227, gen loss = 1.398186, dis loss = 0.331821
INFO:root:epoche 228, gen loss = 1.448243, dis loss = 0.387897
INFO:root:epoche 229, gen loss = 1.855458, dis loss = 0.371693
INFO:root:epoche 230, gen loss = 1.608785, dis loss = 0.471173
INFO:root:epoche 231, gen loss = 1.427633, dis loss = 0.295254
INFO:root:epoche 232, gen loss = 1.438723, dis loss = 0.272746
INFO:root:epoche 233, gen loss = 1.771633, dis loss = 0.278251
INFO:root:epoche 234, gen loss = 1.718097, dis loss = 0.368348
INFO:root:epoche 235, gen loss = 1.695647, dis loss = 0.498561
INFO:root:epoche 236, gen loss = 1.314130, dis loss = 0.385571
INFO:root:epoche 237, gen loss = 1.558688, dis loss = 0.298449
INFO:root:epoche 238, gen loss = 1.698438, dis loss = 0.309118
INFO:root:epoche 239, gen loss = 1.295028, dis loss = 0.381360
INFO:root:epoche 240, gen loss = 1.635237, dis loss = 0.308065
INFO:root:epoche 241, gen loss = 1.668317, dis loss = 0.374983
INFO:root:epoche 242, gen loss = 2.928895, dis loss = 0.862321
INFO:root:epoche 243, gen loss = 1.340437, dis loss = 0.396519
INFO:root:epoche 244, gen loss = 1.164694, dis loss = 0.435441
INFO:root:epoche 245, gen loss = 1.692652, dis loss = 0.306312
INFO:root:epoche 246, gen loss = 1.237354, dis loss = 0.345604
INFO:root:epoche 247, gen loss = 1.701380, dis loss = 0.300489
INFO:root:epoche 248, gen loss = 1.606858, dis loss = 0.383827
INFO:root:epoche 249, gen loss = 1.573783, dis loss = 0.373165
INFO:root:epoche 250, gen loss = 1.271737, dis loss = 0.400813
INFO:root:epoche 251, gen loss = 1.392445, dis loss = 0.413258
INFO:root:epoche 252, gen loss = 1.270758, dis loss = 0.478930
INFO:root:epoche 253, gen loss = 1.649098, dis loss = 0.269171
INFO:root:epoche 254, gen loss = 1.381135, dis loss = 0.319171
INFO:root:epoche 255, gen loss = 1.659058, dis loss = 0.309964
INFO:root:epoche 256, gen loss = 1.521124, dis loss = 0.396132
INFO:root:epoche 257, gen loss = 1.296372, dis loss = 0.337302
INFO:root:epoche 258, gen loss = 1.611595, dis loss = 0.324374
INFO:root:epoche 259, gen loss = 1.473695, dis loss = 0.445962
INFO:root:epoche 260, gen loss = 1.824041, dis loss = 0.273713
INFO:root:epoche 261, gen loss = 1.720046, dis loss = 0.242684
INFO:root:epoche 262, gen loss = 1.279746, dis loss = 0.399833
INFO:root:epoche 263, gen loss = 1.644233, dis loss = 0.397416
INFO:root:epoche 264, gen loss = 1.491701, dis loss = 0.368327
INFO:root:epoche 265, gen loss = 1.664691, dis loss = 0.383217
INFO:root:epoche 266, gen loss = 1.599881, dis loss = 0.441643
INFO:root:epoche 267, gen loss = 1.698007, dis loss = 0.276580
INFO:root:epoche 268, gen loss = 1.854523, dis loss = 0.530048
INFO:root:epoche 269, gen loss = 2.101787, dis loss = 0.260504
INFO:root:epoche 270, gen loss = 1.465082, dis loss = 0.369533
INFO:root:epoche 271, gen loss = 1.391751, dis loss = 0.331220
INFO:root:epoche 272, gen loss = 1.657375, dis loss = 0.434545
INFO:root:epoche 273, gen loss = 1.556050, dis loss = 0.367168
INFO:root:epoche 274, gen loss = 1.612447, dis loss = 0.306463
INFO:root:epoche 275, gen loss = 1.659930, dis loss = 0.304642
INFO:root:epoche 276, gen loss = 1.533377, dis loss = 0.308812
INFO:root:epoche 277, gen loss = 1.635343, dis loss = 0.381562
INFO:root:epoche 278, gen loss = 1.467277, dis loss = 0.412329
INFO:root:epoche 279, gen loss = 1.621067, dis loss = 0.327763
INFO:root:epoche 280, gen loss = 1.344553, dis loss = 0.355432
INFO:root:epoche 281, gen loss = 2.153621, dis loss = 0.434033
INFO:root:epoche 282, gen loss = 1.325452, dis loss = 0.369721
INFO:root:epoche 283, gen loss = 1.847686, dis loss = 0.428492
INFO:root:epoche 284, gen loss = 2.114606, dis loss = 0.444964
INFO:root:epoche 285, gen loss = 1.390984, dis loss = 0.420585
INFO:root:epoche 286, gen loss = 1.535728, dis loss = 0.312628
INFO:root:epoche 287, gen loss = 1.382734, dis loss = 0.350901
INFO:root:epoche 288, gen loss = 1.656096, dis loss = 0.342417
INFO:root:epoche 289, gen loss = 1.542699, dis loss = 0.348593
INFO:root:epoche 290, gen loss = 1.550011, dis loss = 0.351517
INFO:root:epoche 291, gen loss = 1.474925, dis loss = 0.387129
INFO:root:epoche 292, gen loss = 1.674891, dis loss = 0.324408
INFO:root:epoche 293, gen loss = 1.556287, dis loss = 0.359454
INFO:root:epoche 294, gen loss = 1.867905, dis loss = 0.431544
INFO:root:epoche 295, gen loss = 1.420384, dis loss = 0.438838
INFO:root:epoche 296, gen loss = 2.168188, dis loss = 0.411062
INFO:root:epoche 297, gen loss = 2.260715, dis loss = 0.549546
INFO:root:epoche 298, gen loss = 1.404926, dis loss = 0.442388
INFO:root:epoche 299, gen loss = 1.260242, dis loss = 0.472127
INFO:root:epoche 300, gen loss = 1.400035, dis loss = 0.451174
INFO:root:epoche 301, gen loss = 1.552149, dis loss = 0.293273
INFO:root:epoche 302, gen loss = 1.270179, dis loss = 0.446096
INFO:root:epoche 303, gen loss = 1.808011, dis loss = 0.210005
INFO:root:epoche 304, gen loss = 1.580639, dis loss = 0.286825
INFO:root:epoche 305, gen loss = 2.380499, dis loss = 0.514461
INFO:root:epoche 306, gen loss = 1.394151, dis loss = 0.360630
INFO:root:epoche 307, gen loss = 1.439570, dis loss = 0.522372
INFO:root:epoche 308, gen loss = 2.101909, dis loss = 0.347881
INFO:root:epoche 309, gen loss = 1.697237, dis loss = 0.294157
INFO:root:epoche 310, gen loss = 1.673674, dis loss = 0.258327
INFO:root:epoche 311, gen loss = 1.417418, dis loss = 0.280656
INFO:root:epoche 312, gen loss = 1.165151, dis loss = 0.427055
INFO:root:epoche 313, gen loss = 1.474799, dis loss = 0.348197
INFO:root:epoche 314, gen loss = 1.425902, dis loss = 0.417716
INFO:root:epoche 315, gen loss = 1.964283, dis loss = 0.339376
INFO:root:epoche 316, gen loss = 2.149413, dis loss = 0.224071
INFO:root:epoche 317, gen loss = 1.455470, dis loss = 0.306538
INFO:root:epoche 318, gen loss = 1.806110, dis loss = 0.447722
INFO:root:epoche 319, gen loss = 1.483701, dis loss = 0.346494
INFO:root:epoche 320, gen loss = 1.838001, dis loss = 0.303665
INFO:root:epoche 321, gen loss = 1.696130, dis loss = 0.360540
INFO:root:epoche 322, gen loss = 2.050251, dis loss = 0.217455
INFO:root:epoche 323, gen loss = 1.913454, dis loss = 0.343320
INFO:root:epoche 324, gen loss = 1.868488, dis loss = 0.261941
INFO:root:epoche 325, gen loss = 2.123658, dis loss = 0.474787
INFO:root:epoche 326, gen loss = 2.224782, dis loss = 0.271870
INFO:root:epoche 327, gen loss = 2.525423, dis loss = 0.469219
INFO:root:epoche 328, gen loss = 1.619312, dis loss = 0.295193
INFO:root:epoche 329, gen loss = 1.818586, dis loss = 0.265933
INFO:root:epoche 330, gen loss = 1.511186, dis loss = 0.305656
INFO:root:epoche 331, gen loss = 2.011563, dis loss = 0.224033
INFO:root:epoche 332, gen loss = 1.836978, dis loss = 0.272272
INFO:root:epoche 333, gen loss = 2.028511, dis loss = 0.263486
INFO:root:epoche 334, gen loss = 1.567675, dis loss = 0.387316
INFO:root:epoche 335, gen loss = 1.315701, dis loss = 0.355731
INFO:root:epoche 336, gen loss = 1.775255, dis loss = 0.345519
INFO:root:epoche 337, gen loss = 1.468271, dis loss = 0.287283
INFO:root:epoche 338, gen loss = 1.641328, dis loss = 0.325145
INFO:root:epoche 339, gen loss = 1.464227, dis loss = 0.362978
INFO:root:epoche 340, gen loss = 1.531028, dis loss = 0.345525
INFO:root:epoche 341, gen loss = 2.126512, dis loss = 0.496318
INFO:root:epoche 342, gen loss = 1.787077, dis loss = 0.380651
INFO:root:epoche 343, gen loss = 2.066893, dis loss = 0.446319
INFO:root:epoche 344, gen loss = 1.635139, dis loss = 0.431341
INFO:root:epoche 345, gen loss = 1.758091, dis loss = 0.350212
INFO:root:epoche 346, gen loss = 1.879890, dis loss = 0.451184
INFO:root:epoche 347, gen loss = 1.392069, dis loss = 0.404452
INFO:root:epoche 348, gen loss = 1.416556, dis loss = 0.432461
INFO:root:epoche 349, gen loss = 1.606014, dis loss = 0.399897
INFO:root:epoche 350, gen loss = 1.499021, dis loss = 0.328351
INFO:root:epoche 351, gen loss = 1.564037, dis loss = 0.325908
INFO:root:epoche 352, gen loss = 1.376404, dis loss = 0.416891
INFO:root:epoche 353, gen loss = 1.315235, dis loss = 0.382688
INFO:root:epoche 354, gen loss = 1.463941, dis loss = 0.446796
INFO:root:epoche 355, gen loss = 1.323040, dis loss = 0.447148
INFO:root:epoche 356, gen loss = 1.776310, dis loss = 0.341816
INFO:root:epoche 357, gen loss = 1.494036, dis loss = 0.467411
INFO:root:epoche 358, gen loss = 1.672088, dis loss = 0.476089
INFO:root:epoche 359, gen loss = 1.374461, dis loss = 0.399725
INFO:root:epoche 360, gen loss = 1.419938, dis loss = 0.455095
INFO:root:epoche 361, gen loss = 1.545271, dis loss = 0.401037
INFO:root:epoche 362, gen loss = 1.287349, dis loss = 0.444990
INFO:root:epoche 363, gen loss = 1.322147, dis loss = 0.365805
INFO:root:epoche 364, gen loss = 1.888342, dis loss = 0.436803
INFO:root:epoche 365, gen loss = 1.559983, dis loss = 0.413830
INFO:root:epoche 366, gen loss = 1.590586, dis loss = 0.337763
INFO:root:epoche 367, gen loss = 1.475543, dis loss = 0.459763
INFO:root:epoche 368, gen loss = 1.702405, dis loss = 0.338177
INFO:root:epoche 369, gen loss = 1.475664, dis loss = 0.342970
INFO:root:epoche 370, gen loss = 1.867092, dis loss = 0.438888
INFO:root:epoche 371, gen loss = 1.636870, dis loss = 0.347013
INFO:root:epoche 372, gen loss = 1.683172, dis loss = 0.413094
INFO:root:epoche 373, gen loss = 2.039935, dis loss = 0.360032
INFO:root:epoche 374, gen loss = 1.624911, dis loss = 0.375898
INFO:root:epoche 375, gen loss = 2.227275, dis loss = 0.598639
INFO:root:epoche 376, gen loss = 1.408343, dis loss = 0.352865
INFO:root:epoche 377, gen loss = 1.739075, dis loss = 0.404157
INFO:root:epoche 378, gen loss = 1.851389, dis loss = 0.372994
INFO:root:epoche 379, gen loss = 1.978222, dis loss = 0.307896
INFO:root:epoche 380, gen loss = 1.508887, dis loss = 0.308614
INFO:root:epoche 381, gen loss = 1.594045, dis loss = 0.413047
INFO:root:epoche 382, gen loss = 1.583468, dis loss = 0.414906
INFO:root:epoche 383, gen loss = 1.531746, dis loss = 0.303630
INFO:root:epoche 384, gen loss = 1.664320, dis loss = 0.446516
INFO:root:epoche 385, gen loss = 1.688705, dis loss = 0.291838
INFO:root:epoche 386, gen loss = 1.561381, dis loss = 0.310662
INFO:root:epoche 387, gen loss = 1.608162, dis loss = 0.316085
INFO:root:epoche 388, gen loss = 1.409113, dis loss = 0.390202
INFO:root:epoche 389, gen loss = 2.306554, dis loss = 0.452500
INFO:root:epoche 390, gen loss = 1.343383, dis loss = 0.456717
INFO:root:epoche 391, gen loss = 1.655028, dis loss = 0.372998
INFO:root:epoche 392, gen loss = 2.017254, dis loss = 0.375596
INFO:root:epoche 393, gen loss = 1.584948, dis loss = 0.422183
INFO:root:epoche 394, gen loss = 1.472338, dis loss = 0.324065
INFO:root:epoche 395, gen loss = 1.155967, dis loss = 0.413058
INFO:root:epoche 396, gen loss = 1.633334, dis loss = 0.388480
INFO:root:epoche 397, gen loss = 1.274585, dis loss = 0.392911
INFO:root:epoche 398, gen loss = 1.499681, dis loss = 0.326559
INFO:root:epoche 399, gen loss = 1.356512, dis loss = 0.414628
INFO:root:epoche 400, gen loss = 1.981365, dis loss = 0.411927
INFO:root:epoche 401, gen loss = 1.580733, dis loss = 0.367190
INFO:root:epoche 402, gen loss = 2.019355, dis loss = 0.302127
INFO:root:epoche 403, gen loss = 1.726542, dis loss = 0.378131
INFO:root:epoche 404, gen loss = 1.893830, dis loss = 0.309030
INFO:root:epoche 405, gen loss = 1.768033, dis loss = 0.364941
INFO:root:epoche 406, gen loss = 1.999796, dis loss = 0.330743
INFO:root:epoche 407, gen loss = 1.189937, dis loss = 0.400855
INFO:root:epoche 408, gen loss = 1.584807, dis loss = 0.336145
INFO:root:epoche 409, gen loss = 1.167063, dis loss = 0.375642
INFO:root:epoche 410, gen loss = 1.749083, dis loss = 0.377360
INFO:root:epoche 411, gen loss = 1.663586, dis loss = 0.351210
INFO:root:epoche 412, gen loss = 1.564850, dis loss = 0.383884
INFO:root:epoche 413, gen loss = 1.207675, dis loss = 0.428324
INFO:root:epoche 414, gen loss = 1.587510, dis loss = 0.338260
INFO:root:epoche 415, gen loss = 1.704719, dis loss = 0.454377
INFO:root:epoche 416, gen loss = 1.685419, dis loss = 0.330466
INFO:root:epoche 417, gen loss = 1.528911, dis loss = 0.315203
INFO:root:epoche 418, gen loss = 1.708040, dis loss = 0.318069
INFO:root:epoche 419, gen loss = 1.654304, dis loss = 0.252248
INFO:root:epoche 420, gen loss = 1.440331, dis loss = 0.390974
INFO:root:epoche 421, gen loss = 1.633867, dis loss = 0.308417
INFO:root:epoche 422, gen loss = 1.759297, dis loss = 0.286920
INFO:root:epoche 423, gen loss = 1.666369, dis loss = 0.305267
INFO:root:epoche 424, gen loss = 1.731647, dis loss = 0.352418
INFO:root:epoche 425, gen loss = 1.494635, dis loss = 0.365841
INFO:root:epoche 426, gen loss = 1.701253, dis loss = 0.323684
INFO:root:epoche 427, gen loss = 1.773022, dis loss = 0.505620
INFO:root:epoche 428, gen loss = 1.578080, dis loss = 0.345388
INFO:root:epoche 429, gen loss = 1.435504, dis loss = 0.371215
INFO:root:epoche 430, gen loss = 1.690912, dis loss = 0.358382
INFO:root:epoche 431, gen loss = 1.337358, dis loss = 0.370981
INFO:root:epoche 432, gen loss = 2.005142, dis loss = 0.415730
INFO:root:epoche 433, gen loss = 1.078745, dis loss = 0.537856
INFO:root:epoche 434, gen loss = 2.008934, dis loss = 0.568210
INFO:root:epoche 435, gen loss = 1.383757, dis loss = 0.400430
INFO:root:epoche 436, gen loss = 1.516944, dis loss = 0.372532
INFO:root:epoche 437, gen loss = 1.741961, dis loss = 0.334694
INFO:root:epoche 438, gen loss = 1.370856, dis loss = 0.333776
INFO:root:epoche 439, gen loss = 1.676577, dis loss = 0.390383
INFO:root:epoche 440, gen loss = 2.712889, dis loss = 0.694551
INFO:root:epoche 441, gen loss = 1.650312, dis loss = 0.388728
INFO:root:epoche 442, gen loss = 1.638279, dis loss = 0.333445
INFO:root:epoche 443, gen loss = 1.444337, dis loss = 0.529950
INFO:root:epoche 444, gen loss = 1.954626, dis loss = 0.475145
INFO:root:epoche 445, gen loss = 1.704363, dis loss = 0.244221
INFO:root:epoche 446, gen loss = 1.439878, dis loss = 0.443960
INFO:root:epoche 447, gen loss = 1.259833, dis loss = 0.437948
INFO:root:epoche 448, gen loss = 1.445938, dis loss = 0.371875
INFO:root:epoche 449, gen loss = 1.710240, dis loss = 0.456786
INFO:root:epoche 450, gen loss = 1.718068, dis loss = 0.320918
INFO:root:epoche 451, gen loss = 1.481853, dis loss = 0.368698
INFO:root:epoche 452, gen loss = 1.745516, dis loss = 0.267061
INFO:root:epoche 453, gen loss = 1.847035, dis loss = 0.323639
INFO:root:epoche 454, gen loss = 2.176449, dis loss = 0.349022
INFO:root:epoche 455, gen loss = 2.050737, dis loss = 0.345410
INFO:root:epoche 456, gen loss = 1.296432, dis loss = 0.374618
INFO:root:epoche 457, gen loss = 1.863992, dis loss = 0.355188
INFO:root:epoche 458, gen loss = 1.634207, dis loss = 0.431568
INFO:root:epoche 459, gen loss = 1.568444, dis loss = 0.407385
INFO:root:epoche 460, gen loss = 2.118203, dis loss = 0.364354
INFO:root:epoche 461, gen loss = 1.561833, dis loss = 0.383583
INFO:root:epoche 462, gen loss = 1.213971, dis loss = 0.328492
INFO:root:epoche 463, gen loss = 1.961883, dis loss = 0.370983
INFO:root:epoche 464, gen loss = 1.709884, dis loss = 0.322686
INFO:root:epoche 465, gen loss = 1.948753, dis loss = 0.247454
INFO:root:epoche 466, gen loss = 1.889981, dis loss = 0.344891
INFO:root:epoche 467, gen loss = 1.603611, dis loss = 0.347739
INFO:root:epoche 468, gen loss = 1.650071, dis loss = 0.324727
INFO:root:epoche 469, gen loss = 1.927668, dis loss = 0.363329
INFO:root:epoche 470, gen loss = 1.822095, dis loss = 0.213637
INFO:root:epoche 471, gen loss = 1.761789, dis loss = 0.304333
INFO:root:epoche 472, gen loss = 1.353615, dis loss = 0.377722
INFO:root:epoche 473, gen loss = 1.631272, dis loss = 0.337576
INFO:root:epoche 474, gen loss = 1.568358, dis loss = 0.307453
INFO:root:epoche 475, gen loss = 1.403745, dis loss = 0.330675
INFO:root:epoche 476, gen loss = 1.735408, dis loss = 0.311258
INFO:root:epoche 477, gen loss = 2.005494, dis loss = 0.288688
INFO:root:epoche 478, gen loss = 1.597984, dis loss = 0.379136
INFO:root:epoche 479, gen loss = 1.790576, dis loss = 0.361736
INFO:root:epoche 480, gen loss = 1.402892, dis loss = 0.375037
INFO:root:epoche 481, gen loss = 1.687560, dis loss = 0.309754
INFO:root:epoche 482, gen loss = 1.567470, dis loss = 0.308870
INFO:root:epoche 483, gen loss = 1.583267, dis loss = 0.351031
INFO:root:epoche 484, gen loss = 2.023504, dis loss = 0.479347
INFO:root:epoche 485, gen loss = 2.108688, dis loss = 0.320123
INFO:root:epoche 486, gen loss = 2.046369, dis loss = 0.299468
INFO:root:epoche 487, gen loss = 1.631322, dis loss = 0.317683
INFO:root:epoche 488, gen loss = 1.808414, dis loss = 0.316859
INFO:root:epoche 489, gen loss = 1.620458, dis loss = 0.354239
INFO:root:epoche 490, gen loss = 1.902583, dis loss = 0.267234
INFO:root:epoche 491, gen loss = 1.535571, dis loss = 0.343706
INFO:root:epoche 492, gen loss = 1.758757, dis loss = 0.460815
INFO:root:epoche 493, gen loss = 1.428807, dis loss = 0.465154
INFO:root:epoche 494, gen loss = 2.053597, dis loss = 0.382136
INFO:root:epoche 495, gen loss = 2.063223, dis loss = 0.413857
INFO:root:epoche 496, gen loss = 1.585369, dis loss = 0.324360
INFO:root:epoche 497, gen loss = 1.659191, dis loss = 0.396599
INFO:root:epoche 498, gen loss = 2.217181, dis loss = 0.378640
INFO:root:epoche 499, gen loss = 2.217698, dis loss = 0.390241
INFO:root:epoche 500, gen loss = 1.638934, dis loss = 0.386260
INFO:root:epoche 501, gen loss = 1.689859, dis loss = 0.272101
INFO:root:epoche 502, gen loss = 2.265747, dis loss = 0.457501
INFO:root:epoche 503, gen loss = 1.641661, dis loss = 0.305888
INFO:root:epoche 504, gen loss = 2.256140, dis loss = 0.278102
INFO:root:epoche 505, gen loss = 1.450655, dis loss = 0.304258
INFO:root:epoche 506, gen loss = 1.997935, dis loss = 0.334419
INFO:root:epoche 507, gen loss = 1.869353, dis loss = 0.229954
INFO:root:epoche 508, gen loss = 2.148630, dis loss = 0.232330
INFO:root:epoche 509, gen loss = 1.710887, dis loss = 0.390459
INFO:root:epoche 510, gen loss = 1.397831, dis loss = 0.411082
INFO:root:epoche 511, gen loss = 1.527817, dis loss = 0.300937
INFO:root:epoche 512, gen loss = 1.438422, dis loss = 0.322411
INFO:root:epoche 513, gen loss = 1.717211, dis loss = 0.369737
INFO:root:epoche 514, gen loss = 1.255569, dis loss = 0.346674
INFO:root:epoche 515, gen loss = 1.682920, dis loss = 0.362955
INFO:root:epoche 516, gen loss = 1.978064, dis loss = 0.329372
INFO:root:epoche 517, gen loss = 1.575527, dis loss = 0.351918
INFO:root:epoche 518, gen loss = 1.846530, dis loss = 0.362053
INFO:root:epoche 519, gen loss = 2.150234, dis loss = 0.331147
INFO:root:epoche 520, gen loss = 1.503855, dis loss = 0.293846
INFO:root:epoche 521, gen loss = 1.961018, dis loss = 0.337180
INFO:root:epoche 522, gen loss = 1.561298, dis loss = 0.288481
INFO:root:epoche 523, gen loss = 1.858292, dis loss = 0.388059
INFO:root:epoche 524, gen loss = 1.565750, dis loss = 0.366190
INFO:root:epoche 525, gen loss = 2.158619, dis loss = 0.319680
INFO:root:epoche 526, gen loss = 1.747374, dis loss = 0.283153
INFO:root:epoche 527, gen loss = 1.814620, dis loss = 0.315168
INFO:root:epoche 528, gen loss = 1.476859, dis loss = 0.417607
INFO:root:epoche 529, gen loss = 1.674347, dis loss = 0.333494
INFO:root:epoche 530, gen loss = 2.052882, dis loss = 0.234516
INFO:root:epoche 531, gen loss = 1.691770, dis loss = 0.288364
INFO:root:epoche 532, gen loss = 2.350430, dis loss = 0.473528
INFO:root:epoche 533, gen loss = 1.930880, dis loss = 0.325976
INFO:root:epoche 534, gen loss = 1.448516, dis loss = 0.274217
INFO:root:epoche 535, gen loss = 2.124310, dis loss = 0.253122
INFO:root:epoche 536, gen loss = 1.509294, dis loss = 0.317989
INFO:root:epoche 537, gen loss = 1.459679, dis loss = 0.341017
INFO:root:epoche 538, gen loss = 1.605980, dis loss = 0.416766
INFO:root:epoche 539, gen loss = 1.628662, dis loss = 0.379289
INFO:root:epoche 540, gen loss = 1.929203, dis loss = 0.276484
INFO:root:epoche 541, gen loss = 2.242426, dis loss = 0.228243
INFO:root:epoche 542, gen loss = 1.618184, dis loss = 0.318923
INFO:root:epoche 543, gen loss = 2.220811, dis loss = 0.394131
INFO:root:epoche 544, gen loss = 1.732801, dis loss = 0.354505
INFO:root:epoche 545, gen loss = 1.737181, dis loss = 0.324882
INFO:root:epoche 546, gen loss = 1.776356, dis loss = 0.352315
INFO:root:epoche 547, gen loss = 1.883825, dis loss = 0.299711
INFO:root:epoche 548, gen loss = 1.892738, dis loss = 0.284719
INFO:root:epoche 549, gen loss = 1.509309, dis loss = 0.445054
INFO:root:epoche 550, gen loss = 1.342876, dis loss = 0.380403
INFO:root:epoche 551, gen loss = 1.510108, dis loss = 0.287208
INFO:root:epoche 552, gen loss = 1.604258, dis loss = 0.303581
INFO:root:epoche 553, gen loss = 1.484656, dis loss = 0.375185
INFO:root:epoche 554, gen loss = 1.725241, dis loss = 0.272935
INFO:root:epoche 555, gen loss = 1.830886, dis loss = 0.295704
INFO:root:epoche 556, gen loss = 1.989501, dis loss = 0.395790
INFO:root:epoche 557, gen loss = 1.482500, dis loss = 0.364748
INFO:root:epoche 558, gen loss = 1.736903, dis loss = 0.278456
INFO:root:epoche 559, gen loss = 1.630712, dis loss = 0.310228
INFO:root:epoche 560, gen loss = 1.686476, dis loss = 0.293838
INFO:root:epoche 561, gen loss = 1.713182, dis loss = 0.288201
INFO:root:epoche 562, gen loss = 1.657472, dis loss = 0.395707
INFO:root:epoche 563, gen loss = 1.447983, dis loss = 0.420141
INFO:root:epoche 564, gen loss = 1.357403, dis loss = 0.378004
INFO:root:epoche 565, gen loss = 1.756068, dis loss = 0.369249
INFO:root:epoche 566, gen loss = 1.570189, dis loss = 0.366970
INFO:root:epoche 567, gen loss = 1.707497, dis loss = 0.382725
INFO:root:epoche 568, gen loss = 1.685740, dis loss = 0.345987
INFO:root:epoche 569, gen loss = 1.308650, dis loss = 0.332758
INFO:root:epoche 570, gen loss = 1.562604, dis loss = 0.374880
INFO:root:epoche 571, gen loss = 1.892768, dis loss = 0.337889
INFO:root:epoche 572, gen loss = 1.680305, dis loss = 0.315405
INFO:root:epoche 573, gen loss = 1.544143, dis loss = 0.396433
INFO:root:epoche 574, gen loss = 1.470137, dis loss = 0.428804
INFO:root:epoche 575, gen loss = 1.520137, dis loss = 0.373872
INFO:root:epoche 576, gen loss = 1.650408, dis loss = 0.383955
INFO:root:epoche 577, gen loss = 1.825805, dis loss = 0.346169
INFO:root:epoche 578, gen loss = 1.750843, dis loss = 0.298631
INFO:root:epoche 579, gen loss = 1.845542, dis loss = 0.401407
INFO:root:epoche 580, gen loss = 1.559547, dis loss = 0.349365
INFO:root:epoche 581, gen loss = 1.674551, dis loss = 0.327783
INFO:root:epoche 582, gen loss = 1.573985, dis loss = 0.325632
INFO:root:epoche 583, gen loss = 1.547659, dis loss = 0.443840
INFO:root:epoche 584, gen loss = 1.455057, dis loss = 0.365173
INFO:root:epoche 585, gen loss = 1.469783, dis loss = 0.349060
INFO:root:epoche 586, gen loss = 1.619653, dis loss = 0.336812
INFO:root:epoche 587, gen loss = 1.347389, dis loss = 0.372043
INFO:root:epoche 588, gen loss = 1.411965, dis loss = 0.484551
INFO:root:epoche 589, gen loss = 1.555847, dis loss = 0.308032
INFO:root:epoche 590, gen loss = 1.784009, dis loss = 0.277085
INFO:root:epoche 591, gen loss = 1.727155, dis loss = 0.360545
INFO:root:epoche 592, gen loss = 1.740142, dis loss = 0.264450
INFO:root:epoche 593, gen loss = 1.777114, dis loss = 0.257948
INFO:root:epoche 594, gen loss = 1.861511, dis loss = 0.343418
INFO:root:epoche 595, gen loss = 1.814221, dis loss = 0.339163
INFO:root:epoche 596, gen loss = 2.051555, dis loss = 0.182141
INFO:root:epoche 597, gen loss = 1.724176, dis loss = 0.292764
INFO:root:epoche 598, gen loss = 1.522655, dis loss = 0.336198
INFO:root:epoche 599, gen loss = 1.781412, dis loss = 0.296548
INFO:root:epoche 600, gen loss = 1.605849, dis loss = 0.426995
INFO:root:epoche 601, gen loss = 1.761367, dis loss = 0.261426
INFO:root:epoche 602, gen loss = 2.232769, dis loss = 0.358637
INFO:root:epoche 603, gen loss = 1.809366, dis loss = 0.317420
INFO:root:epoche 604, gen loss = 2.031960, dis loss = 0.243480
INFO:root:epoche 605, gen loss = 1.482027, dis loss = 0.353379
INFO:root:epoche 606, gen loss = 1.526058, dis loss = 0.406706
INFO:root:epoche 607, gen loss = 2.215734, dis loss = 0.332478
INFO:root:epoche 608, gen loss = 2.016115, dis loss = 0.259707
INFO:root:epoche 609, gen loss = 1.682999, dis loss = 0.289461
INFO:root:epoche 610, gen loss = 1.413996, dis loss = 0.274178
INFO:root:epoche 611, gen loss = 1.812439, dis loss = 0.316666
INFO:root:epoche 612, gen loss = 1.337689, dis loss = 0.360020
INFO:root:epoche 613, gen loss = 1.788153, dis loss = 0.275012
INFO:root:epoche 614, gen loss = 1.088565, dis loss = 0.498502
INFO:root:epoche 615, gen loss = 1.554826, dis loss = 0.374917
INFO:root:epoche 616, gen loss = 1.694936, dis loss = 0.336453
INFO:root:epoche 617, gen loss = 1.431193, dis loss = 0.320694
INFO:root:epoche 618, gen loss = 1.620471, dis loss = 0.428375
INFO:root:epoche 619, gen loss = 1.479645, dis loss = 0.394792
INFO:root:epoche 620, gen loss = 1.610634, dis loss = 0.394076
INFO:root:epoche 621, gen loss = 1.767912, dis loss = 0.285261
INFO:root:epoche 622, gen loss = 1.944507, dis loss = 0.258621
INFO:root:epoche 623, gen loss = 1.347521, dis loss = 0.339883
INFO:root:epoche 624, gen loss = 1.473266, dis loss = 0.305682
INFO:root:epoche 625, gen loss = 1.641858, dis loss = 0.287578
INFO:root:epoche 626, gen loss = 1.546993, dis loss = 0.301242
INFO:root:epoche 627, gen loss = 1.864063, dis loss = 0.298863
INFO:root:epoche 628, gen loss = 1.715176, dis loss = 0.306475
INFO:root:epoche 629, gen loss = 1.222660, dis loss = 0.374013
INFO:root:epoche 630, gen loss = 1.541946, dis loss = 0.321037
INFO:root:epoche 631, gen loss = 1.934666, dis loss = 0.323007
INFO:root:epoche 632, gen loss = 1.680188, dis loss = 0.312232
INFO:root:epoche 633, gen loss = 1.644357, dis loss = 0.305898
INFO:root:epoche 634, gen loss = 1.718104, dis loss = 0.282009
INFO:root:epoche 635, gen loss = 1.588604, dis loss = 0.392383
INFO:root:epoche 636, gen loss = 1.505139, dis loss = 0.306724
INFO:root:epoche 637, gen loss = 1.364792, dis loss = 0.387446
INFO:root:epoche 638, gen loss = 1.753155, dis loss = 0.244846
INFO:root:epoche 639, gen loss = 1.769915, dis loss = 0.328258
INFO:root:epoche 640, gen loss = 1.691144, dis loss = 0.354956
INFO:root:epoche 641, gen loss = 1.674543, dis loss = 0.427183
INFO:root:epoche 642, gen loss = 1.492002, dis loss = 0.365124
INFO:root:epoche 643, gen loss = 1.466808, dis loss = 0.278793
INFO:root:epoche 644, gen loss = 1.644775, dis loss = 0.297043
INFO:root:epoche 645, gen loss = 1.432718, dis loss = 0.420717
INFO:root:epoche 646, gen loss = 1.509865, dis loss = 0.351224
INFO:root:epoche 647, gen loss = 1.544937, dis loss = 0.313881
INFO:root:epoche 648, gen loss = 1.827776, dis loss = 0.358023
INFO:root:epoche 649, gen loss = 1.624827, dis loss = 0.332137
INFO:root:epoche 650, gen loss = 1.929065, dis loss = 0.346983
INFO:root:epoche 651, gen loss = 2.154912, dis loss = 0.292450
INFO:root:epoche 652, gen loss = 1.672982, dis loss = 0.352624
INFO:root:epoche 653, gen loss = 1.633252, dis loss = 0.412934
INFO:root:epoche 654, gen loss = 1.920052, dis loss = 0.237749
INFO:root:epoche 655, gen loss = 2.079927, dis loss = 0.364920
INFO:root:epoche 656, gen loss = 1.741751, dis loss = 0.384395
INFO:root:epoche 657, gen loss = 1.572139, dis loss = 0.286199
INFO:root:epoche 658, gen loss = 1.623742, dis loss = 0.412247
INFO:root:epoche 659, gen loss = 2.238643, dis loss = 0.317468
INFO:root:epoche 660, gen loss = 1.506781, dis loss = 0.325192
INFO:root:epoche 661, gen loss = 1.926808, dis loss = 0.399537
INFO:root:epoche 662, gen loss = 2.144471, dis loss = 0.317966
INFO:root:epoche 663, gen loss = 1.406867, dis loss = 0.450646
INFO:root:epoche 664, gen loss = 1.483391, dis loss = 0.439331
INFO:root:epoche 665, gen loss = 1.922922, dis loss = 0.366100
INFO:root:epoche 666, gen loss = 1.522655, dis loss = 0.381846
INFO:root:epoche 667, gen loss = 1.532722, dis loss = 0.351376
INFO:root:epoche 668, gen loss = 1.386443, dis loss = 0.384160
INFO:root:epoche 669, gen loss = 1.574015, dis loss = 0.311500
INFO:root:epoche 670, gen loss = 1.771419, dis loss = 0.298795
INFO:root:epoche 671, gen loss = 1.963477, dis loss = 0.353667
INFO:root:epoche 672, gen loss = 1.637507, dis loss = 0.341858
INFO:root:epoche 673, gen loss = 1.497760, dis loss = 0.394741
INFO:root:epoche 674, gen loss = 1.857414, dis loss = 0.295018
INFO:root:epoche 675, gen loss = 1.439122, dis loss = 0.466532
INFO:root:epoche 676, gen loss = 1.796398, dis loss = 0.313484
INFO:root:epoche 677, gen loss = 1.940688, dis loss = 0.346489
INFO:root:epoche 678, gen loss = 1.699188, dis loss = 0.331135
INFO:root:epoche 679, gen loss = 1.704115, dis loss = 0.363014
INFO:root:epoche 680, gen loss = 1.548041, dis loss = 0.343653
INFO:root:epoche 681, gen loss = 1.747331, dis loss = 0.403220
INFO:root:epoche 682, gen loss = 1.582819, dis loss = 0.396469
INFO:root:epoche 683, gen loss = 1.654830, dis loss = 0.434625
INFO:root:epoche 684, gen loss = 1.601268, dis loss = 0.408779
INFO:root:epoche 685, gen loss = 1.613587, dis loss = 0.316918
INFO:root:epoche 686, gen loss = 1.915732, dis loss = 0.318399
INFO:root:epoche 687, gen loss = 1.825568, dis loss = 0.338600
INFO:root:epoche 688, gen loss = 1.228301, dis loss = 0.399562
INFO:root:epoche 689, gen loss = 1.609393, dis loss = 0.437413
INFO:root:epoche 690, gen loss = 1.319170, dis loss = 0.399280
INFO:root:epoche 691, gen loss = 1.801408, dis loss = 0.349575
INFO:root:epoche 692, gen loss = 1.810479, dis loss = 0.369213
INFO:root:epoche 693, gen loss = 1.798817, dis loss = 0.426665
INFO:root:epoche 694, gen loss = 1.539434, dis loss = 0.353724
INFO:root:epoche 695, gen loss = 1.356461, dis loss = 0.390508
INFO:root:epoche 696, gen loss = 1.928308, dis loss = 0.351446
INFO:root:epoche 697, gen loss = 2.203854, dis loss = 0.322272
INFO:root:epoche 698, gen loss = 1.590070, dis loss = 0.369260
INFO:root:epoche 699, gen loss = 1.471431, dis loss = 0.314950
INFO:root:epoche 700, gen loss = 1.806809, dis loss = 0.222131
INFO:root:epoche 701, gen loss = 1.473358, dis loss = 0.367892
INFO:root:epoche 702, gen loss = 1.582972, dis loss = 0.328176
INFO:root:epoche 703, gen loss = 1.542515, dis loss = 0.360151
INFO:root:epoche 704, gen loss = 1.877978, dis loss = 0.450187
INFO:root:epoche 705, gen loss = 1.697028, dis loss = 0.346336
INFO:root:epoche 706, gen loss = 1.777505, dis loss = 0.398477
INFO:root:epoche 707, gen loss = 2.134316, dis loss = 0.376302
INFO:root:epoche 708, gen loss = 1.659934, dis loss = 0.407077
INFO:root:epoche 709, gen loss = 1.734414, dis loss = 0.337028
INFO:root:epoche 710, gen loss = 1.746983, dis loss = 0.319595
INFO:root:epoche 711, gen loss = 1.867432, dis loss = 0.294837
INFO:root:epoche 712, gen loss = 1.453521, dis loss = 0.315082
INFO:root:epoche 713, gen loss = 1.660093, dis loss = 0.391089
INFO:root:epoche 714, gen loss = 1.602616, dis loss = 0.405163
INFO:root:epoche 715, gen loss = 1.582928, dis loss = 0.305859
INFO:root:epoche 716, gen loss = 1.821090, dis loss = 0.361128
INFO:root:epoche 717, gen loss = 1.574447, dis loss = 0.396843
INFO:root:epoche 718, gen loss = 1.692410, dis loss = 0.328652
INFO:root:epoche 719, gen loss = 1.700583, dis loss = 0.319180
INFO:root:epoche 720, gen loss = 1.644474, dis loss = 0.396325
INFO:root:epoche 721, gen loss = 1.942862, dis loss = 0.399852
INFO:root:epoche 722, gen loss = 1.665830, dis loss = 0.348612
INFO:root:epoche 723, gen loss = 1.621207, dis loss = 0.351884
INFO:root:epoche 724, gen loss = 1.511976, dis loss = 0.369729
INFO:root:epoche 725, gen loss = 1.468915, dis loss = 0.265758
INFO:root:epoche 726, gen loss = 1.748059, dis loss = 0.356411
INFO:root:epoche 727, gen loss = 1.975207, dis loss = 0.342009
INFO:root:epoche 728, gen loss = 1.654200, dis loss = 0.335158
INFO:root:epoche 729, gen loss = 1.656984, dis loss = 0.388499
INFO:root:epoche 730, gen loss = 1.616939, dis loss = 0.374981
INFO:root:epoche 731, gen loss = 1.619321, dis loss = 0.347736
INFO:root:epoche 732, gen loss = 1.863483, dis loss = 0.433052
INFO:root:epoche 733, gen loss = 1.391715, dis loss = 0.407532
INFO:root:epoche 734, gen loss = 1.940538, dis loss = 0.388656
INFO:root:epoche 735, gen loss = 1.436566, dis loss = 0.351290
INFO:root:epoche 736, gen loss = 1.897407, dis loss = 0.237888
INFO:root:epoche 737, gen loss = 1.618932, dis loss = 0.427577
INFO:root:epoche 738, gen loss = 2.184514, dis loss = 0.301560
INFO:root:epoche 739, gen loss = 1.832184, dis loss = 0.355207
INFO:root:epoche 740, gen loss = 1.627383, dis loss = 0.369330
INFO:root:epoche 741, gen loss = 1.603042, dis loss = 0.343235
INFO:root:epoche 742, gen loss = 1.518074, dis loss = 0.403089
INFO:root:epoche 743, gen loss = 1.729744, dis loss = 0.365454
INFO:root:epoche 744, gen loss = 1.785145, dis loss = 0.296351
INFO:root:epoche 745, gen loss = 1.829452, dis loss = 0.313730
INFO:root:epoche 746, gen loss = 2.295012, dis loss = 0.628268
INFO:root:epoche 747, gen loss = 1.490934, dis loss = 0.343438
INFO:root:epoche 748, gen loss = 1.792660, dis loss = 0.274993
INFO:root:epoche 749, gen loss = 1.545319, dis loss = 0.384970
INFO:root:epoche 750, gen loss = 1.844797, dis loss = 0.306847
INFO:root:epoche 751, gen loss = 1.713627, dis loss = 0.271286
INFO:root:epoche 752, gen loss = 1.832032, dis loss = 0.252497
INFO:root:epoche 753, gen loss = 1.439476, dis loss = 0.345282
INFO:root:epoche 754, gen loss = 2.303571, dis loss = 0.375641
INFO:root:epoche 755, gen loss = 1.545882, dis loss = 0.368328
INFO:root:epoche 756, gen loss = 1.620332, dis loss = 0.423247
INFO:root:epoche 757, gen loss = 1.518648, dis loss = 0.344606
INFO:root:epoche 758, gen loss = 1.568249, dis loss = 0.334462
INFO:root:epoche 759, gen loss = 1.666491, dis loss = 0.287174
INFO:root:epoche 760, gen loss = 1.265358, dis loss = 0.408709
INFO:root:epoche 761, gen loss = 1.621097, dis loss = 0.298790
INFO:root:epoche 762, gen loss = 1.766186, dis loss = 0.379691
INFO:root:epoche 763, gen loss = 1.554448, dis loss = 0.405913
INFO:root:epoche 764, gen loss = 1.876290, dis loss = 0.373995
INFO:root:epoche 765, gen loss = 1.342935, dis loss = 0.335967
INFO:root:epoche 766, gen loss = 1.874321, dis loss = 0.287514
INFO:root:epoche 767, gen loss = 1.828907, dis loss = 0.287230
INFO:root:epoche 768, gen loss = 1.827413, dis loss = 0.346005
INFO:root:epoche 769, gen loss = 1.742293, dis loss = 0.403560
INFO:root:epoche 770, gen loss = 1.781249, dis loss = 0.329096
INFO:root:epoche 771, gen loss = 1.558019, dis loss = 0.289375
INFO:root:epoche 772, gen loss = 2.223925, dis loss = 0.413257
INFO:root:epoche 773, gen loss = 1.549853, dis loss = 0.362100
INFO:root:epoche 774, gen loss = 2.227350, dis loss = 0.265867
INFO:root:epoche 775, gen loss = 1.970136, dis loss = 0.323696
INFO:root:epoche 776, gen loss = 1.509175, dis loss = 0.319448
INFO:root:epoche 777, gen loss = 1.836777, dis loss = 0.348705
INFO:root:epoche 778, gen loss = 1.639078, dis loss = 0.418786
INFO:root:epoche 779, gen loss = 1.466637, dis loss = 0.341453
INFO:root:epoche 780, gen loss = 1.820968, dis loss = 0.290385
INFO:root:epoche 781, gen loss = 1.619725, dis loss = 0.437020
INFO:root:epoche 782, gen loss = 1.628710, dis loss = 0.349963
INFO:root:epoche 783, gen loss = 1.560531, dis loss = 0.339666
INFO:root:epoche 784, gen loss = 1.844589, dis loss = 0.383734
INFO:root:epoche 785, gen loss = 2.253612, dis loss = 0.291556
INFO:root:epoche 786, gen loss = 1.834935, dis loss = 0.327258
INFO:root:epoche 787, gen loss = 1.426877, dis loss = 0.388131
INFO:root:epoche 788, gen loss = 1.724118, dis loss = 0.334800
INFO:root:epoche 789, gen loss = 2.000707, dis loss = 0.339067
INFO:root:epoche 790, gen loss = 1.799865, dis loss = 0.272583
INFO:root:epoche 791, gen loss = 1.589694, dis loss = 0.288161
INFO:root:epoche 792, gen loss = 1.726466, dis loss = 0.345863
INFO:root:epoche 793, gen loss = 1.874305, dis loss = 0.295989
INFO:root:epoche 794, gen loss = 1.691290, dis loss = 0.325116
INFO:root:epoche 795, gen loss = 1.601514, dis loss = 0.379811
INFO:root:epoche 796, gen loss = 1.505292, dis loss = 0.421488
INFO:root:epoche 797, gen loss = 1.761316, dis loss = 0.373444
INFO:root:epoche 798, gen loss = 1.485359, dis loss = 0.384406
INFO:root:epoche 799, gen loss = 1.725673, dis loss = 0.417042
INFO:root:epoche 800, gen loss = 1.777287, dis loss = 0.366215
INFO:root:epoche 801, gen loss = 1.427975, dis loss = 0.350440
INFO:root:epoche 802, gen loss = 1.669943, dis loss = 0.323524
INFO:root:epoche 803, gen loss = 1.520720, dis loss = 0.359926
INFO:root:epoche 804, gen loss = 1.780031, dis loss = 0.312119
INFO:root:epoche 805, gen loss = 1.495728, dis loss = 0.379070
INFO:root:epoche 806, gen loss = 2.154366, dis loss = 0.471140
INFO:root:epoche 807, gen loss = 1.703878, dis loss = 0.303687
INFO:root:epoche 808, gen loss = 1.804027, dis loss = 0.375511
INFO:root:epoche 809, gen loss = 1.692909, dis loss = 0.402429
INFO:root:epoche 810, gen loss = 1.768679, dis loss = 0.335153
INFO:root:epoche 811, gen loss = 1.619139, dis loss = 0.393628
INFO:root:epoche 812, gen loss = 1.675474, dis loss = 0.315216
INFO:root:epoche 813, gen loss = 1.411889, dis loss = 0.430168
INFO:root:epoche 814, gen loss = 1.623248, dis loss = 0.424982
INFO:root:epoche 815, gen loss = 1.980611, dis loss = 0.279871
INFO:root:epoche 816, gen loss = 1.575763, dis loss = 0.409686
INFO:root:epoche 817, gen loss = 1.892918, dis loss = 0.351738
INFO:root:epoche 818, gen loss = 1.821226, dis loss = 0.344417
INFO:root:epoche 819, gen loss = 1.525099, dis loss = 0.335869
INFO:root:epoche 820, gen loss = 1.652508, dis loss = 0.368771
INFO:root:epoche 821, gen loss = 1.844598, dis loss = 0.391909
INFO:root:epoche 822, gen loss = 1.385379, dis loss = 0.381944
INFO:root:epoche 823, gen loss = 2.000999, dis loss = 0.346598
INFO:root:epoche 824, gen loss = 2.189663, dis loss = 0.329407
INFO:root:epoche 825, gen loss = 1.612713, dis loss = 0.435060
INFO:root:epoche 826, gen loss = 1.281663, dis loss = 0.429534
INFO:root:epoche 827, gen loss = 1.649286, dis loss = 0.352824
INFO:root:epoche 828, gen loss = 1.698896, dis loss = 0.293915
INFO:root:epoche 829, gen loss = 1.391660, dis loss = 0.359031
INFO:root:epoche 830, gen loss = 1.669605, dis loss = 0.324338
INFO:root:epoche 831, gen loss = 1.660141, dis loss = 0.345211
INFO:root:epoche 832, gen loss = 1.740504, dis loss = 0.314509
INFO:root:epoche 833, gen loss = 2.970869, dis loss = 0.461433
INFO:root:epoche 834, gen loss = 1.674430, dis loss = 0.306505
INFO:root:epoche 835, gen loss = 1.893070, dis loss = 0.255374
INFO:root:epoche 836, gen loss = 2.009153, dis loss = 0.384007
INFO:root:epoche 837, gen loss = 1.341302, dis loss = 0.372524
INFO:root:epoche 838, gen loss = 1.956095, dis loss = 0.289238
INFO:root:epoche 839, gen loss = 1.495123, dis loss = 0.345590
INFO:root:epoche 840, gen loss = 1.730492, dis loss = 0.245371
INFO:root:epoche 841, gen loss = 1.617496, dis loss = 0.346275
INFO:root:epoche 842, gen loss = 1.961735, dis loss = 0.383224
INFO:root:epoche 843, gen loss = 1.714982, dis loss = 0.336688
INFO:root:epoche 844, gen loss = 1.455412, dis loss = 0.356271
INFO:root:epoche 845, gen loss = 1.640493, dis loss = 0.372609
INFO:root:epoche 846, gen loss = 1.729951, dis loss = 0.305678
INFO:root:epoche 847, gen loss = 1.949000, dis loss = 0.312445
INFO:root:epoche 848, gen loss = 1.877669, dis loss = 0.313068
INFO:root:epoche 849, gen loss = 1.608835, dis loss = 0.316453
INFO:root:epoche 850, gen loss = 1.692475, dis loss = 0.381190
INFO:root:epoche 851, gen loss = 2.307692, dis loss = 0.339244
INFO:root:epoche 852, gen loss = 1.867691, dis loss = 0.265208
INFO:root:epoche 853, gen loss = 1.723650, dis loss = 0.327429
INFO:root:epoche 854, gen loss = 1.830699, dis loss = 0.328482
INFO:root:epoche 855, gen loss = 1.535833, dis loss = 0.384908
INFO:root:epoche 856, gen loss = 1.669638, dis loss = 0.326964
INFO:root:epoche 857, gen loss = 1.935263, dis loss = 0.313292
INFO:root:epoche 858, gen loss = 1.954544, dis loss = 0.336892
INFO:root:epoche 859, gen loss = 1.623282, dis loss = 0.358855
INFO:root:epoche 860, gen loss = 1.532430, dis loss = 0.321891
INFO:root:epoche 861, gen loss = 1.953967, dis loss = 0.323476
INFO:root:epoche 862, gen loss = 1.391094, dis loss = 0.324151
INFO:root:epoche 863, gen loss = 1.647934, dis loss = 0.259150
INFO:root:epoche 864, gen loss = 1.800200, dis loss = 0.307416
INFO:root:epoche 865, gen loss = 1.399457, dis loss = 0.422096
INFO:root:epoche 866, gen loss = 1.554169, dis loss = 0.350244
INFO:root:epoche 867, gen loss = 1.726466, dis loss = 0.411720
INFO:root:epoche 868, gen loss = 1.769740, dis loss = 0.358045
INFO:root:epoche 869, gen loss = 2.067021, dis loss = 0.348638
INFO:root:epoche 870, gen loss = 1.783888, dis loss = 0.276831
INFO:root:epoche 871, gen loss = 1.513613, dis loss = 0.402890
INFO:root:epoche 872, gen loss = 1.859368, dis loss = 0.340933
INFO:root:epoche 873, gen loss = 1.659447, dis loss = 0.363588
INFO:root:epoche 874, gen loss = 1.623049, dis loss = 0.325541
INFO:root:epoche 875, gen loss = 1.464413, dis loss = 0.302309
INFO:root:epoche 876, gen loss = 1.640728, dis loss = 0.274422
INFO:root:epoche 877, gen loss = 1.421831, dis loss = 0.398192
INFO:root:epoche 878, gen loss = 1.692209, dis loss = 0.325635
INFO:root:epoche 879, gen loss = 1.731322, dis loss = 0.390003
INFO:root:epoche 880, gen loss = 1.971061, dis loss = 0.416438
INFO:root:epoche 881, gen loss = 1.900204, dis loss = 0.373901
INFO:root:epoche 882, gen loss = 1.725210, dis loss = 0.358644
INFO:root:epoche 883, gen loss = 1.629918, dis loss = 0.356536
INFO:root:epoche 884, gen loss = 1.748604, dis loss = 0.339372
INFO:root:epoche 885, gen loss = 1.719652, dis loss = 0.325970
INFO:root:epoche 886, gen loss = 1.950825, dis loss = 0.345725
INFO:root:epoche 887, gen loss = 1.603989, dis loss = 0.328777
INFO:root:epoche 888, gen loss = 1.530244, dis loss = 0.388562
INFO:root:epoche 889, gen loss = 2.043236, dis loss = 0.322760
INFO:root:epoche 890, gen loss = 2.324253, dis loss = 0.380790
INFO:root:epoche 891, gen loss = 1.791221, dis loss = 0.347008
INFO:root:epoche 892, gen loss = 1.471264, dis loss = 0.413579
INFO:root:epoche 893, gen loss = 1.380452, dis loss = 0.442283
INFO:root:epoche 894, gen loss = 1.591033, dis loss = 0.335333
INFO:root:epoche 895, gen loss = 2.038981, dis loss = 0.466330
INFO:root:epoche 896, gen loss = 2.282240, dis loss = 0.337800
INFO:root:epoche 897, gen loss = 1.842642, dis loss = 0.266117
INFO:root:epoche 898, gen loss = 1.923689, dis loss = 0.276406
INFO:root:epoche 899, gen loss = 1.393835, dis loss = 0.286433
INFO:root:epoche 900, gen loss = 1.795634, dis loss = 0.307711
INFO:root:epoche 901, gen loss = 1.938513, dis loss = 0.327539
INFO:root:epoche 902, gen loss = 1.511351, dis loss = 0.440060
INFO:root:epoche 903, gen loss = 1.407756, dis loss = 0.380536
INFO:root:epoche 904, gen loss = 1.798428, dis loss = 0.327095
INFO:root:epoche 905, gen loss = 1.715278, dis loss = 0.298757
INFO:root:epoche 906, gen loss = 1.376712, dis loss = 0.375877
INFO:root:epoche 907, gen loss = 1.942677, dis loss = 0.373181
INFO:root:epoche 908, gen loss = 1.561552, dis loss = 0.351792
INFO:root:epoche 909, gen loss = 1.702563, dis loss = 0.326508
INFO:root:epoche 910, gen loss = 1.669156, dis loss = 0.322053
INFO:root:epoche 911, gen loss = 1.848001, dis loss = 0.355386
INFO:root:epoche 912, gen loss = 1.228826, dis loss = 0.395436
INFO:root:epoche 913, gen loss = 1.594776, dis loss = 0.401587
INFO:root:epoche 914, gen loss = 1.726765, dis loss = 0.326464
INFO:root:epoche 915, gen loss = 1.917182, dis loss = 0.304467
INFO:root:epoche 916, gen loss = 1.478022, dis loss = 0.360766
INFO:root:epoche 917, gen loss = 1.713868, dis loss = 0.298458
INFO:root:epoche 918, gen loss = 1.601879, dis loss = 0.321148
INFO:root:epoche 919, gen loss = 1.535191, dis loss = 0.326286
INFO:root:epoche 920, gen loss = 2.086178, dis loss = 0.298838
INFO:root:epoche 921, gen loss = 1.755215, dis loss = 0.263911
INFO:root:epoche 922, gen loss = 1.627062, dis loss = 0.306553
INFO:root:epoche 923, gen loss = 1.597731, dis loss = 0.326502
INFO:root:epoche 924, gen loss = 1.802842, dis loss = 0.325223
INFO:root:epoche 925, gen loss = 1.706947, dis loss = 0.330660
INFO:root:epoche 926, gen loss = 1.841692, dis loss = 0.296251
INFO:root:epoche 927, gen loss = 1.859488, dis loss = 0.300856
INFO:root:epoche 928, gen loss = 1.993143, dis loss = 0.299881
INFO:root:epoche 929, gen loss = 1.601043, dis loss = 0.320338
INFO:root:epoche 930, gen loss = 1.911464, dis loss = 0.295807
INFO:root:epoche 931, gen loss = 1.516706, dis loss = 0.325644
INFO:root:epoche 932, gen loss = 1.645804, dis loss = 0.328922
INFO:root:epoche 933, gen loss = 1.638751, dis loss = 0.410342
INFO:root:epoche 934, gen loss = 1.825499, dis loss = 0.289300
INFO:root:epoche 935, gen loss = 1.969144, dis loss = 0.260727
INFO:root:epoche 936, gen loss = 1.645106, dis loss = 0.292377
INFO:root:epoche 937, gen loss = 1.571478, dis loss = 0.373327
INFO:root:epoche 938, gen loss = 2.073688, dis loss = 0.208406
INFO:root:epoche 939, gen loss = 1.912957, dis loss = 0.291145
INFO:root:epoche 940, gen loss = 1.423159, dis loss = 0.348205
INFO:root:epoche 941, gen loss = 1.657265, dis loss = 0.341709
INFO:root:epoche 942, gen loss = 1.700687, dis loss = 0.397402
INFO:root:epoche 943, gen loss = 1.583313, dis loss = 0.380892
INFO:root:epoche 944, gen loss = 1.798598, dis loss = 0.303766
INFO:root:epoche 945, gen loss = 1.558583, dis loss = 0.307144
INFO:root:epoche 946, gen loss = 1.633731, dis loss = 0.281059
INFO:root:epoche 947, gen loss = 1.913772, dis loss = 0.273404
INFO:root:epoche 948, gen loss = 1.648873, dis loss = 0.364432
INFO:root:epoche 949, gen loss = 1.940139, dis loss = 0.292510
INFO:root:epoche 950, gen loss = 2.202605, dis loss = 0.301341
INFO:root:epoche 951, gen loss = 1.725409, dis loss = 0.258171
INFO:root:epoche 952, gen loss = 1.640981, dis loss = 0.274734
INFO:root:epoche 953, gen loss = 1.595690, dis loss = 0.349352
INFO:root:epoche 954, gen loss = 1.744475, dis loss = 0.284277
INFO:root:epoche 955, gen loss = 2.203562, dis loss = 0.406018
INFO:root:epoche 956, gen loss = 1.645593, dis loss = 0.358418
INFO:root:epoche 957, gen loss = 1.754099, dis loss = 0.403354
INFO:root:epoche 958, gen loss = 1.763683, dis loss = 0.371612
INFO:root:epoche 959, gen loss = 1.465351, dis loss = 0.409637
INFO:root:epoche 960, gen loss = 2.937927, dis loss = 0.598548
INFO:root:epoche 961, gen loss = 1.279542, dis loss = 0.412839
INFO:root:epoche 962, gen loss = 1.460726, dis loss = 0.372213
INFO:root:epoche 963, gen loss = 2.231007, dis loss = 0.401379
INFO:root:epoche 964, gen loss = 1.756599, dis loss = 0.418035
INFO:root:epoche 965, gen loss = 1.633010, dis loss = 0.378348
INFO:root:epoche 966, gen loss = 1.661584, dis loss = 0.452378
INFO:root:epoche 967, gen loss = 1.597017, dis loss = 0.371873
INFO:root:epoche 968, gen loss = 1.960135, dis loss = 0.266432
INFO:root:epoche 969, gen loss = 1.725132, dis loss = 0.342828
INFO:root:epoche 970, gen loss = 1.819443, dis loss = 0.291061
INFO:root:epoche 971, gen loss = 2.054708, dis loss = 0.361334
INFO:root:epoche 972, gen loss = 1.980842, dis loss = 0.306828
INFO:root:epoche 973, gen loss = 1.347917, dis loss = 0.418172
INFO:root:epoche 974, gen loss = 2.022920, dis loss = 0.333539
INFO:root:epoche 975, gen loss = 1.764347, dis loss = 0.323509
INFO:root:epoche 976, gen loss = 1.923775, dis loss = 0.325860
INFO:root:epoche 977, gen loss = 1.921250, dis loss = 0.289446
INFO:root:epoche 978, gen loss = 1.999450, dis loss = 0.490718
INFO:root:epoche 979, gen loss = 1.513394, dis loss = 0.354421
INFO:root:epoche 980, gen loss = 1.750969, dis loss = 0.395980
INFO:root:epoche 981, gen loss = 1.826416, dis loss = 0.294151
INFO:root:epoche 982, gen loss = 1.715707, dis loss = 0.271154
INFO:root:epoche 983, gen loss = 1.530450, dis loss = 0.370844
INFO:root:epoche 984, gen loss = 1.685795, dis loss = 0.244926
INFO:root:epoche 985, gen loss = 1.909462, dis loss = 0.275830
INFO:root:epoche 986, gen loss = 1.776750, dis loss = 0.280532
INFO:root:epoche 987, gen loss = 1.709445, dis loss = 0.364851
INFO:root:epoche 988, gen loss = 1.494117, dis loss = 0.368130
INFO:root:epoche 989, gen loss = 2.443432, dis loss = 0.415758
INFO:root:epoche 990, gen loss = 1.764058, dis loss = 0.318459
INFO:root:epoche 991, gen loss = 1.669548, dis loss = 0.385563
INFO:root:epoche 992, gen loss = 2.129910, dis loss = 0.368663
INFO:root:epoche 993, gen loss = 1.546648, dis loss = 0.350895
INFO:root:epoche 994, gen loss = 2.047061, dis loss = 0.393299
INFO:root:epoche 995, gen loss = 2.119545, dis loss = 0.379412
INFO:root:epoche 996, gen loss = 1.565318, dis loss = 0.318098
INFO:root:epoche 997, gen loss = 1.679733, dis loss = 0.368573
INFO:root:epoche 998, gen loss = 1.963959, dis loss = 0.349399
INFO:root:epoche 999, gen loss = 1.615946, dis loss = 0.328975
